<?xml version="1.0" encoding="UTF-8"?>
<testsuite xmlns:xsi="http://www.w3.org/2001/XMLSchema-instance" xsi:noNamespaceSchemaLocation="https://maven.apache.org/surefire/maven-surefire-plugin/xsd/surefire-test-report-3.0.xsd" version="3.0" name="com.mavenday1.UserServicetest" time="0.054" tests="3" errors="0" skipped="0" failures="0">
  <properties>
[...]
</properties>
  <testcase name="testGetGender" classname="com.mavenday1.UserServicetest" time="0.001">
    <system-out><![CDATA[男
]]></system-out>
  </testcase>
  <testcase name="testGetGenderassert" classname="com.mavenday1.UserServicetest" time="0.0"/>
  <testcase name="testGetAge" classname="com.mavenday1.UserServicetest" time="0.0">
    <system-out><![CDATA[25
]]></system-out>
  </testcase>
</testsuite>